<?xml version="1.0" encoding="UTF-8"?>
<!-- Generated by org.testng.reporters.JUnitXMLReporter -->
<testsuite ignored="0" hostname="DESKTOP-IOI6U0V" failures="0" tests="6" name="Default test" time="0.161" errors="0" timestamp="27 Aug 2022 11:20:11 GMT">
  <testcase classname="com.nopcommerce.demo.TS_01_Register" name="@BeforeClass beforeClass" time="0.0">
    <failure type="org.testng.TestNGException" message="
Parameter &amp;apos;browser&amp;apos; is required by BeforeClass on method beforeClass but has not been marked @Optional or defined
in C:\Users\USER\AppData\Local\Temp\testng-eclipse--152978385\testng-customsuite.xml">
      <![CDATA[org.testng.TestNGException: 
Parameter 'browser' is required by BeforeClass on method beforeClass but has not been marked @Optional or defined
in C:\Users\USER\AppData\Local\Temp\testng-eclipse--152978385\testng-customsuite.xml
at org.testng.internal.Parameters.createParams(Parameters.java:290)
at org.testng.internal.Parameters.createParametersForMethod(Parameters.java:359)
at org.testng.internal.Parameters.createParameters(Parameters.java:620)
at org.testng.internal.Parameters.createConfigurationParameters(Parameters.java:190)
at org.testng.internal.Invoker.invokeConfigurations(Invoker.java:209)
at org.testng.internal.Invoker.invokeConfigurations(Invoker.java:142)
at org.testng.internal.TestMethodWorker.invokeBeforeClassMethods(TestMethodWorker.java:168)
at org.testng.internal.TestMethodWorker.run(TestMethodWorker.java:105)
at org.testng.TestRunner.privateRun(TestRunner.java:648)
at org.testng.TestRunner.run(TestRunner.java:505)
at org.testng.SuiteRunner.runTest(SuiteRunner.java:455)
at org.testng.SuiteRunner.runSequentially(SuiteRunner.java:450)
at org.testng.SuiteRunner.privateRun(SuiteRunner.java:415)
at org.testng.SuiteRunner.run(SuiteRunner.java:364)
at org.testng.SuiteRunnerWorker.runSuite(SuiteRunnerWorker.java:52)
at org.testng.SuiteRunnerWorker.run(SuiteRunnerWorker.java:84)
at org.testng.TestNG.runSuitesSequentially(TestNG.java:1208)
at org.testng.TestNG.runSuitesLocally(TestNG.java:1137)
at org.testng.TestNG.runSuites(TestNG.java:1049)
at org.testng.TestNG.run(TestNG.java:1017)
at org.testng.remote.AbstractRemoteTestNG.run(AbstractRemoteTestNG.java:115)
at org.testng.remote.RemoteTestNG.initAndRun(RemoteTestNG.java:251)
at org.testng.remote.RemoteTestNG.main(RemoteTestNG.java:77)
]]>
    </failure>
  </testcase> <!-- @BeforeClass beforeClass -->
  <testcase classname="com.nopcommerce.demo.TS_01_Register" name="@AfterClass afterClass" time="0.0">
    <skipped/>
  </testcase> <!-- @AfterClass afterClass -->
  <testcase classname="com.nopcommerce.demo.TS_01_Register" name="TC_01_RegisterWithEmptyData" time="0.0">
    <skipped/>
  </testcase> <!-- TC_01_RegisterWithEmptyData -->
  <testcase classname="com.nopcommerce.demo.TS_01_Register" name="TC_02_RegisterWithInvalidEmail" time="0.0">
    <skipped/>
  </testcase> <!-- TC_02_RegisterWithInvalidEmail -->
  <testcase classname="com.nopcommerce.demo.TS_01_Register" name="TC_03_RegisterWithValidInformation" time="0.0">
    <skipped/>
  </testcase> <!-- TC_03_RegisterWithValidInformation -->
  <testcase classname="com.nopcommerce.demo.TS_01_Register" name="TC_04_RegisterWithExistEmail" time="0.0">
    <skipped/>
  </testcase> <!-- TC_04_RegisterWithExistEmail -->
  <testcase classname="com.nopcommerce.demo.TS_01_Register" name="TC_05_RegisterWithPasswordLeast6Characters" time="0.0">
    <skipped/>
  </testcase> <!-- TC_05_RegisterWithPasswordLeast6Characters -->
  <testcase classname="com.nopcommerce.demo.TS_01_Register" name="TC_06_RegisterWithConfirmPassword" time="0.0">
    <skipped/>
  </testcase> <!-- TC_06_RegisterWithConfirmPassword -->
</testsuite> <!-- Default test -->
