<?xml version="1.0" encoding="UTF-8"?>
<!-- Generated by org.testng.reporters.JUnitXMLReporter -->
<testsuite ignored="0" hostname="DESKTOP-IOI6U0V" failures="2" tests="9" name="Test run with chrome browser" time="37.438" errors="0" timestamp="17 Dec 2022 05:52:35 GMT">
  <testcase classname="com.nopcommerce.demo.TS_01_Register" name="TC_01_RegisterWithEmptyData" time="0.269"/>
  <testcase classname="com.nopcommerce.demo.TS_01_Register" name="TC_02_RegisterWithInvalidEmail" time="3.664"/>
  <testcase classname="com.nopcommerce.demo.TS_01_Register" name="TC_03_RegisterWithValidInformation" time="3.724"/>
  <testcase classname="com.nopcommerce.demo.TS_01_Register" name="TC_04_RegisterWithExistEmail" time="1.408"/>
  <testcase classname="com.nopcommerce.demo.TS_01_Register" name="TC_05_RegisterWithPasswordLeast6Characters" time="1.042"/>
  <testcase classname="com.nopcommerce.demo.TS_01_Register" name="TC_06_RegisterWithConfirmPassword" time="1.089"/>
  <testcase classname="com.nopcommerce.demo.TS_03_MyAccount" name="TC_01_updateCustomerInfo" time="7.066">
    <failure type="java.lang.AssertionError" message="expected [Ho] but found [Cuong]">
      <![CDATA[java.lang.AssertionError: expected [Ho] but found [Cuong]
at com.nopcommerce.demo.TS_03_MyAccount.TC_01_updateCustomerInfo(TS_03_MyAccount.java:51)
... Removed 31 stack frames]]>
    </failure>
  </testcase> <!-- TC_01_updateCustomerInfo -->
  <testcase classname="com.nopcommerce.demo.TS_03_MyAccount" name="TC_02_updateAddressMyAccount" time="10.094"/>
  <testcase classname="com.nopcommerce.demo.TS_03_MyAccount" name="TC_03_changePasswordMyAccount" time="4.361">
    <failure type="org.openqa.selenium.ElementClickInterceptedException" message="element click intercepted: Element &amp;lt;a href=&amp;quot;/logout&amp;quot; class=&amp;quot;ico-logout&amp;quot;&amp;gt;...&amp;lt;/a&amp;gt; is not clickable at point (846, 22). Other element would receive the click: &amp;lt;p class=&amp;quot;content&amp;quot;&amp;gt;...&amp;lt;/p&amp;gt;
  (Session info: chrome=108.0.5359.125)
Build info: version: &amp;apos;3.141.59&amp;apos;, revision: &amp;apos;e82be7d358&amp;apos;, time: &amp;apos;2018-11-14T08:17:03&amp;apos;
System info: host: &amp;apos;DESKTOP-IOI6U0V&amp;apos;, ip: &amp;apos;192.168.128.1&amp;apos;, os.name: &amp;apos;Windows 11&amp;apos;, os.arch: &amp;apos;amd64&amp;apos;, os.version: &amp;apos;10.0&amp;apos;, java.version: &amp;apos;17.0.3.1&amp;apos;
Driver info: org.openqa.selenium.chrome.ChromeDriver
Capabilities {acceptInsecureCerts: false, browserName: chrome, browserVersion: 108.0.5359.125, chrome: {chromedriverVersion: 108.0.5359.71 (1e0e3868ee06..., userDataDir: C:\Users\USER\AppData\Local...}, goog:chromeOptions: {debuggerAddress: localhost:58904}, javascriptEnabled: true, networkConnectionEnabled: false, pageLoadStrategy: normal, platform: WINDOWS, platformName: WINDOWS, proxy: Proxy(), setWindowRect: true, strictFileInteractability: false, timeouts: {implicit: 0, pageLoad: 300000, script: 30000}, unhandledPromptBehavior: dismiss and notify, webauthn:extension:credBlob: true, webauthn:extension:largeBlob: true, webauthn:virtualAuthenticators: true}
Session ID: 4e4018aed61285664513124bd5c9a2b0">
      <![CDATA[org.openqa.selenium.ElementClickInterceptedException: element click intercepted: Element <a href="/logout" class="ico-logout">...</a> is not clickable at point (846, 22). Other element would receive the click: <p class="content">...</p>
  (Session info: chrome=108.0.5359.125)
Build info: version: '3.141.59', revision: 'e82be7d358', time: '2018-11-14T08:17:03'
System info: host: 'DESKTOP-IOI6U0V', ip: '192.168.128.1', os.name: 'Windows 11', os.arch: 'amd64', os.version: '10.0', java.version: '17.0.3.1'
Driver info: org.openqa.selenium.chrome.ChromeDriver
Capabilities {acceptInsecureCerts: false, browserName: chrome, browserVersion: 108.0.5359.125, chrome: {chromedriverVersion: 108.0.5359.71 (1e0e3868ee06..., userDataDir: C:\Users\USER\AppData\Local...}, goog:chromeOptions: {debuggerAddress: localhost:58904}, javascriptEnabled: true, networkConnectionEnabled: false, pageLoadStrategy: normal, platform: WINDOWS, platformName: WINDOWS, proxy: Proxy(), setWindowRect: true, strictFileInteractability: false, timeouts: {implicit: 0, pageLoad: 300000, script: 30000}, unhandledPromptBehavior: dismiss and notify, webauthn:extension:credBlob: true, webauthn:extension:largeBlob: true, webauthn:virtualAuthenticators: true}
Session ID: 4e4018aed61285664513124bd5c9a2b0
at org.openqa.selenium.remote.http.W3CHttpResponseCodec.createException(W3CHttpResponseCodec.java:187)
at org.openqa.selenium.remote.http.W3CHttpResponseCodec.decode(W3CHttpResponseCodec.java:122)
at org.openqa.selenium.remote.http.W3CHttpResponseCodec.decode(W3CHttpResponseCodec.java:49)
at org.openqa.selenium.remote.HttpCommandExecutor.execute(HttpCommandExecutor.java:158)
at org.openqa.selenium.remote.service.DriverCommandExecutor.execute(DriverCommandExecutor.java:83)
at org.openqa.selenium.remote.RemoteWebDriver.execute(RemoteWebDriver.java:552)
at org.openqa.selenium.remote.RemoteWebElement.execute(RemoteWebElement.java:285)
at org.openqa.selenium.remote.RemoteWebElement.click(RemoteWebElement.java:84)
at common.BasePage.clickToElement(BasePage.java:48)
at pageObjects.MyAccountPageObject.clickLogOutButton(MyAccountPageObject.java:167)
at com.nopcommerce.demo.TS_03_MyAccount.TC_03_changePasswordMyAccount(TS_03_MyAccount.java:93)
... Removed 30 stack frames]]>
    </failure>
  </testcase> <!-- TC_03_changePasswordMyAccount -->
</testsuite> <!-- Test run with chrome browser -->
