<?xml version="1.0" encoding="UTF-8"?>
<testng-results ignored="0" total="9" passed="7" failed="2" skipped="0">
  <reporter-output>
  </reporter-output>
  <suite started-at="2022-12-17T05:51:58Z" name="Suite" finished-at="2022-12-17T05:52:35Z" duration-ms="37438">
    <groups>
    </groups>
    <test started-at="2022-12-17T05:51:58Z" name="Test run with chrome browser" finished-at="2022-12-17T05:52:35Z" duration-ms="37438">
      <class name="com.nopcommerce.demo.TS_01_Register">
        <test-method is-config="true" signature="beforeClass(java.lang.String)[pri:0, instance:com.nopcommerce.demo.TS_01_Register@6ce139a4]" started-at="2022-12-17T05:51:58Z" name="beforeClass" finished-at="2022-12-17T05:52:01Z" duration-ms="2976" status="PASS">
          <params>
            <param index="0">
              <value>
                <![CDATA[chrome]]>
              </value>
            </param>
          </params>
          <reporter-output>
          </reporter-output>
        </test-method> <!-- beforeClass -->
        <test-method signature="TC_01_RegisterWithEmptyData()[pri:0, instance:com.nopcommerce.demo.TS_01_Register@6ce139a4]" started-at="2022-12-17T05:52:01Z" name="TC_01_RegisterWithEmptyData" finished-at="2022-12-17T05:52:01Z" duration-ms="269" status="PASS">
          <reporter-output>
          </reporter-output>
        </test-method> <!-- TC_01_RegisterWithEmptyData -->
        <test-method signature="TC_02_RegisterWithInvalidEmail()[pri:0, instance:com.nopcommerce.demo.TS_01_Register@6ce139a4]" started-at="2022-12-17T05:52:01Z" name="TC_02_RegisterWithInvalidEmail" finished-at="2022-12-17T05:52:05Z" duration-ms="3664" status="PASS">
          <reporter-output>
          </reporter-output>
        </test-method> <!-- TC_02_RegisterWithInvalidEmail -->
        <test-method signature="TC_03_RegisterWithValidInformation()[pri:0, instance:com.nopcommerce.demo.TS_01_Register@6ce139a4]" started-at="2022-12-17T05:52:05Z" name="TC_03_RegisterWithValidInformation" finished-at="2022-12-17T05:52:09Z" duration-ms="3724" status="PASS">
          <reporter-output>
          </reporter-output>
        </test-method> <!-- TC_03_RegisterWithValidInformation -->
        <test-method signature="TC_04_RegisterWithExistEmail()[pri:0, instance:com.nopcommerce.demo.TS_01_Register@6ce139a4]" started-at="2022-12-17T05:52:09Z" name="TC_04_RegisterWithExistEmail" finished-at="2022-12-17T05:52:10Z" duration-ms="1408" status="PASS">
          <reporter-output>
          </reporter-output>
        </test-method> <!-- TC_04_RegisterWithExistEmail -->
        <test-method signature="TC_05_RegisterWithPasswordLeast6Characters()[pri:0, instance:com.nopcommerce.demo.TS_01_Register@6ce139a4]" started-at="2022-12-17T05:52:10Z" name="TC_05_RegisterWithPasswordLeast6Characters" finished-at="2022-12-17T05:52:11Z" duration-ms="1042" status="PASS">
          <reporter-output>
          </reporter-output>
        </test-method> <!-- TC_05_RegisterWithPasswordLeast6Characters -->
        <test-method signature="TC_06_RegisterWithConfirmPassword()[pri:0, instance:com.nopcommerce.demo.TS_01_Register@6ce139a4]" started-at="2022-12-17T05:52:11Z" name="TC_06_RegisterWithConfirmPassword" finished-at="2022-12-17T05:52:12Z" duration-ms="1089" status="PASS">
          <reporter-output>
          </reporter-output>
        </test-method> <!-- TC_06_RegisterWithConfirmPassword -->
        <test-method is-config="true" signature="afterClass()[pri:0, instance:com.nopcommerce.demo.TS_01_Register@6ce139a4]" started-at="2022-12-17T05:52:12Z" name="afterClass" finished-at="2022-12-17T05:52:12Z" duration-ms="201" status="PASS">
          <reporter-output>
          </reporter-output>
        </test-method> <!-- afterClass -->
      </class> <!-- com.nopcommerce.demo.TS_01_Register -->
      <class name="com.nopcommerce.demo.TS_03_MyAccount">
        <test-method is-config="true" signature="beforeClass(java.lang.String)[pri:0, instance:com.nopcommerce.demo.TS_03_MyAccount@6973bf95]" started-at="2022-12-17T05:52:12Z" name="beforeClass" finished-at="2022-12-17T05:52:14Z" duration-ms="1504" status="PASS">
          <params>
            <param index="0">
              <value>
                <![CDATA[chrome]]>
              </value>
            </param>
          </params>
          <reporter-output>
          </reporter-output>
        </test-method> <!-- beforeClass -->
        <test-method signature="TC_01_updateCustomerInfo()[pri:0, instance:com.nopcommerce.demo.TS_03_MyAccount@6973bf95]" started-at="2022-12-17T05:52:14Z" name="TC_01_updateCustomerInfo" finished-at="2022-12-17T05:52:21Z" duration-ms="7066" status="FAIL">
          <exception class="java.lang.AssertionError">
            <message>
              <![CDATA[expected [Ho] but found [Cuong]]]>
            </message>
            <full-stacktrace>
              <![CDATA[java.lang.AssertionError: expected [Ho] but found [Cuong]
at org.testng.Assert.fail(Assert.java:96)
at org.testng.Assert.failNotEquals(Assert.java:776)
at org.testng.Assert.assertEqualsImpl(Assert.java:137)
at org.testng.Assert.assertEquals(Assert.java:118)
at org.testng.Assert.assertEquals(Assert.java:453)
at org.testng.Assert.assertEquals(Assert.java:463)
at com.nopcommerce.demo.TS_03_MyAccount.TC_01_updateCustomerInfo(TS_03_MyAccount.java:51)
at java.base/jdk.internal.reflect.NativeMethodAccessorImpl.invoke0(Native Method)
at java.base/jdk.internal.reflect.NativeMethodAccessorImpl.invoke(NativeMethodAccessorImpl.java:77)
at java.base/jdk.internal.reflect.DelegatingMethodAccessorImpl.invoke(DelegatingMethodAccessorImpl.java:43)
at java.base/java.lang.reflect.Method.invoke(Method.java:568)
at org.testng.internal.MethodInvocationHelper.invokeMethod(MethodInvocationHelper.java:124)
at org.testng.internal.Invoker.invokeMethod(Invoker.java:583)
at org.testng.internal.Invoker.invokeTestMethod(Invoker.java:719)
at org.testng.internal.Invoker.invokeTestMethods(Invoker.java:989)
at org.testng.internal.TestMethodWorker.invokeTestMethods(TestMethodWorker.java:125)
at org.testng.internal.TestMethodWorker.run(TestMethodWorker.java:109)
at org.testng.TestRunner.privateRun(TestRunner.java:648)
at org.testng.TestRunner.run(TestRunner.java:505)
at org.testng.SuiteRunner.runTest(SuiteRunner.java:455)
at org.testng.SuiteRunner.runSequentially(SuiteRunner.java:450)
at org.testng.SuiteRunner.privateRun(SuiteRunner.java:415)
at org.testng.SuiteRunner.run(SuiteRunner.java:364)
at org.testng.SuiteRunnerWorker.runSuite(SuiteRunnerWorker.java:52)
at org.testng.SuiteRunnerWorker.run(SuiteRunnerWorker.java:84)
at org.testng.TestNG.runSuitesSequentially(TestNG.java:1208)
at org.testng.TestNG.runSuitesLocally(TestNG.java:1137)
at org.testng.TestNG.runSuites(TestNG.java:1049)
at org.testng.TestNG.run(TestNG.java:1017)
at org.testng.remote.AbstractRemoteTestNG.run(AbstractRemoteTestNG.java:115)
at org.testng.remote.RemoteTestNG.initAndRun(RemoteTestNG.java:251)
at org.testng.remote.RemoteTestNG.main(RemoteTestNG.java:77)
]]>
            </full-stacktrace>
          </exception> <!-- java.lang.AssertionError -->
          <reporter-output>
          </reporter-output>
        </test-method> <!-- TC_01_updateCustomerInfo -->
        <test-method signature="TC_02_updateAddressMyAccount()[pri:0, instance:com.nopcommerce.demo.TS_03_MyAccount@6973bf95]" started-at="2022-12-17T05:52:21Z" name="TC_02_updateAddressMyAccount" finished-at="2022-12-17T05:52:31Z" duration-ms="10094" status="PASS">
          <reporter-output>
          </reporter-output>
        </test-method> <!-- TC_02_updateAddressMyAccount -->
        <test-method signature="TC_03_changePasswordMyAccount()[pri:0, instance:com.nopcommerce.demo.TS_03_MyAccount@6973bf95]" started-at="2022-12-17T05:52:31Z" name="TC_03_changePasswordMyAccount" finished-at="2022-12-17T05:52:35Z" duration-ms="4361" status="FAIL">
          <exception class="org.openqa.selenium.ElementClickInterceptedException">
            <message>
              <![CDATA[element click intercepted: Element <a href="/logout" class="ico-logout">...</a> is not clickable at point (846, 22). Other element would receive the click: <p class="content">...</p>
  (Session info: chrome=108.0.5359.125)
Build info: version: '3.141.59', revision: 'e82be7d358', time: '2018-11-14T08:17:03'
System info: host: 'DESKTOP-IOI6U0V', ip: '192.168.128.1', os.name: 'Windows 11', os.arch: 'amd64', os.version: '10.0', java.version: '17.0.3.1'
Driver info: org.openqa.selenium.chrome.ChromeDriver
Capabilities {acceptInsecureCerts: false, browserName: chrome, browserVersion: 108.0.5359.125, chrome: {chromedriverVersion: 108.0.5359.71 (1e0e3868ee06..., userDataDir: C:\Users\USER\AppData\Local...}, goog:chromeOptions: {debuggerAddress: localhost:58904}, javascriptEnabled: true, networkConnectionEnabled: false, pageLoadStrategy: normal, platform: WINDOWS, platformName: WINDOWS, proxy: Proxy(), setWindowRect: true, strictFileInteractability: false, timeouts: {implicit: 0, pageLoad: 300000, script: 30000}, unhandledPromptBehavior: dismiss and notify, webauthn:extension:credBlob: true, webauthn:extension:largeBlob: true, webauthn:virtualAuthenticators: true}
Session ID: 4e4018aed61285664513124bd5c9a2b0]]>
            </message>
            <full-stacktrace>
              <![CDATA[org.openqa.selenium.ElementClickInterceptedException: element click intercepted: Element <a href="/logout" class="ico-logout">...</a> is not clickable at point (846, 22). Other element would receive the click: <p class="content">...</p>
  (Session info: chrome=108.0.5359.125)
Build info: version: '3.141.59', revision: 'e82be7d358', time: '2018-11-14T08:17:03'
System info: host: 'DESKTOP-IOI6U0V', ip: '192.168.128.1', os.name: 'Windows 11', os.arch: 'amd64', os.version: '10.0', java.version: '17.0.3.1'
Driver info: org.openqa.selenium.chrome.ChromeDriver
Capabilities {acceptInsecureCerts: false, browserName: chrome, browserVersion: 108.0.5359.125, chrome: {chromedriverVersion: 108.0.5359.71 (1e0e3868ee06..., userDataDir: C:\Users\USER\AppData\Local...}, goog:chromeOptions: {debuggerAddress: localhost:58904}, javascriptEnabled: true, networkConnectionEnabled: false, pageLoadStrategy: normal, platform: WINDOWS, platformName: WINDOWS, proxy: Proxy(), setWindowRect: true, strictFileInteractability: false, timeouts: {implicit: 0, pageLoad: 300000, script: 30000}, unhandledPromptBehavior: dismiss and notify, webauthn:extension:credBlob: true, webauthn:extension:largeBlob: true, webauthn:virtualAuthenticators: true}
Session ID: 4e4018aed61285664513124bd5c9a2b0
at java.base/jdk.internal.reflect.NativeConstructorAccessorImpl.newInstance0(Native Method)
at java.base/jdk.internal.reflect.NativeConstructorAccessorImpl.newInstance(NativeConstructorAccessorImpl.java:77)
at java.base/jdk.internal.reflect.DelegatingConstructorAccessorImpl.newInstance(DelegatingConstructorAccessorImpl.java:45)
at java.base/java.lang.reflect.Constructor.newInstanceWithCaller(Constructor.java:499)
at java.base/java.lang.reflect.Constructor.newInstance(Constructor.java:480)
at org.openqa.selenium.remote.http.W3CHttpResponseCodec.createException(W3CHttpResponseCodec.java:187)
at org.openqa.selenium.remote.http.W3CHttpResponseCodec.decode(W3CHttpResponseCodec.java:122)
at org.openqa.selenium.remote.http.W3CHttpResponseCodec.decode(W3CHttpResponseCodec.java:49)
at org.openqa.selenium.remote.HttpCommandExecutor.execute(HttpCommandExecutor.java:158)
at org.openqa.selenium.remote.service.DriverCommandExecutor.execute(DriverCommandExecutor.java:83)
at org.openqa.selenium.remote.RemoteWebDriver.execute(RemoteWebDriver.java:552)
at org.openqa.selenium.remote.RemoteWebElement.execute(RemoteWebElement.java:285)
at org.openqa.selenium.remote.RemoteWebElement.click(RemoteWebElement.java:84)
at common.BasePage.clickToElement(BasePage.java:48)
at pageObjects.MyAccountPageObject.clickLogOutButton(MyAccountPageObject.java:167)
at com.nopcommerce.demo.TS_03_MyAccount.TC_03_changePasswordMyAccount(TS_03_MyAccount.java:93)
at java.base/jdk.internal.reflect.NativeMethodAccessorImpl.invoke0(Native Method)
at java.base/jdk.internal.reflect.NativeMethodAccessorImpl.invoke(NativeMethodAccessorImpl.java:77)
at java.base/jdk.internal.reflect.DelegatingMethodAccessorImpl.invoke(DelegatingMethodAccessorImpl.java:43)
at java.base/java.lang.reflect.Method.invoke(Method.java:568)
at org.testng.internal.MethodInvocationHelper.invokeMethod(MethodInvocationHelper.java:124)
at org.testng.internal.Invoker.invokeMethod(Invoker.java:583)
at org.testng.internal.Invoker.invokeTestMethod(Invoker.java:719)
at org.testng.internal.Invoker.invokeTestMethods(Invoker.java:989)
at org.testng.internal.TestMethodWorker.invokeTestMethods(TestMethodWorker.java:125)
at org.testng.internal.TestMethodWorker.run(TestMethodWorker.java:109)
at org.testng.TestRunner.privateRun(TestRunner.java:648)
at org.testng.TestRunner.run(TestRunner.java:505)
at org.testng.SuiteRunner.runTest(SuiteRunner.java:455)
at org.testng.SuiteRunner.runSequentially(SuiteRunner.java:450)
at org.testng.SuiteRunner.privateRun(SuiteRunner.java:415)
at org.testng.SuiteRunner.run(SuiteRunner.java:364)
at org.testng.SuiteRunnerWorker.runSuite(SuiteRunnerWorker.java:52)
at org.testng.SuiteRunnerWorker.run(SuiteRunnerWorker.java:84)
at org.testng.TestNG.runSuitesSequentially(TestNG.java:1208)
at org.testng.TestNG.runSuitesLocally(TestNG.java:1137)
at org.testng.TestNG.runSuites(TestNG.java:1049)
at org.testng.TestNG.run(TestNG.java:1017)
at org.testng.remote.AbstractRemoteTestNG.run(AbstractRemoteTestNG.java:115)
at org.testng.remote.RemoteTestNG.initAndRun(RemoteTestNG.java:251)
at org.testng.remote.RemoteTestNG.main(RemoteTestNG.java:77)
]]>
            </full-stacktrace>
          </exception> <!-- org.openqa.selenium.ElementClickInterceptedException -->
          <reporter-output>
          </reporter-output>
        </test-method> <!-- TC_03_changePasswordMyAccount -->
        <test-method is-config="true" signature="afterClass()[pri:0, instance:com.nopcommerce.demo.TS_03_MyAccount@6973bf95]" started-at="2022-12-17T05:52:35Z" name="afterClass" finished-at="2022-12-17T05:52:35Z" duration-ms="1" status="PASS">
          <reporter-output>
          </reporter-output>
        </test-method> <!-- afterClass -->
      </class> <!-- com.nopcommerce.demo.TS_03_MyAccount -->
    </test> <!-- Test run with chrome browser -->
  </suite> <!-- Suite -->
</testng-results>
